TN:
SF:src/app.module.ts
FNF:0
FNH:0
DA:1,0
DA:2,0
DA:7,0
LF:3
LH:0
BRF:0
BRH:0
end_of_record
TN:
SF:src/main.ts
FN:5,bootstrap
FNF:1
FNH:0
FNDA:0,bootstrap
DA:1,0
DA:2,0
DA:3,0
DA:6,0
DA:8,0
DA:16,0
DA:17,0
DA:20,0
LF:8
LH:0
BRF:0
BRH:0
end_of_record
TN:
SF:src/notes/notes.controller.ts
FN:21,(anonymous_4)
FN:24,(anonymous_5)
FN:29,(anonymous_6)
FN:36,(anonymous_7)
FN:42,(anonymous_8)
FN:48,(anonymous_9)
FNF:6
FNH:6
FNDA:11,(anonymous_4)
FNDA:2,(anonymous_5)
FNDA:2,(anonymous_6)
FNDA:2,(anonymous_7)
FNDA:2,(anonymous_8)
FNDA:2,(anonymous_9)
DA:1,1
DA:14,1
DA:15,1
DA:16,1
DA:17,1
DA:20,1
DA:21,11
DA:24,1
DA:25,2
DA:29,1
DA:30,2
DA:36,1
DA:37,2
DA:42,1
DA:43,2
DA:48,1
DA:49,2
LF:17
LH:17
BRF:0
BRH:0
end_of_record
TN:
SF:src/notes/notes.module.ts
FNF:0
FNH:0
DA:1,0
DA:2,0
DA:3,0
DA:9,0
LF:4
LH:0
BRF:0
BRH:0
end_of_record
TN:
SF:src/notes/notes.service.ts
FN:8,(anonymous_1)
FN:11,(anonymous_2)
FN:15,(anonymous_3)
FN:16,(anonymous_4)
FN:23,(anonymous_5)
FN:35,(anonymous_6)
FN:47,(anonymous_7)
FN:48,(anonymous_8)
FNF:8
FNH:8
FNDA:18,(anonymous_1)
FNDA:5,(anonymous_2)
FNDA:8,(anonymous_3)
FNDA:5,(anonymous_4)
FNDA:14,(anonymous_5)
FNDA:5,(anonymous_6)
FNDA:4,(anonymous_7)
FNDA:2,(anonymous_8)
DA:1,2
DA:2,2
DA:8,2
DA:9,18
DA:12,5
DA:16,8
DA:17,8
DA:18,3
DA:20,5
DA:24,14
DA:31,14
DA:32,14
DA:36,5
DA:37,4
DA:38,3
DA:40,4
DA:41,2
DA:43,4
DA:44,4
DA:48,4
DA:49,4
DA:50,2
DA:52,2
LF:23
LH:23
BRDA:17,0,0,3
BRDA:37,1,0,3
BRDA:40,2,0,2
BRDA:49,3,0,2
BRF:4
BRH:4
end_of_record
TN:
SF:src/notes/dto/create-note.dto.ts
FNF:0
FNH:0
DA:1,1
DA:3,1
DA:8,1
DA:14,1
LF:4
LH:4
BRF:0
BRH:0
end_of_record
TN:
SF:src/notes/dto/update-note.dto.ts
FNF:0
FNH:0
DA:1,1
DA:3,1
DA:8,1
DA:14,1
LF:4
LH:4
BRF:0
BRH:0
end_of_record
TN:
SF:src/notes/entities/note.entity.ts
FNF:0
FNH:0
DA:1,1
LF:1
LH:1
BRF:0
BRH:0
end_of_record
